<?xml version="1.0" encoding="UTF-8"?>
<robot generator="Robot 7.2.2 (Python 3.13.3 on win32)" generated="2026-05-12T14:29:04.589464" rpa="false" schemaversion="5">
<suite id="s1" name="Tenant-Management" source="c:\stageCRM_PM\testcases\tenant-management.robot">
<test id="s1-t1" name="User Able To Create Both Free Trial And Licensed Tenants" line="40">
<kw name="login to stageCRM" owner="kw1">
<kw name="Open Browser" owner="SeleniumLibrary">
<msg time="2026-05-12T14:29:04.836965" level="INFO">Opening browser 'chrome' to base url 'https://stg.superadmin.wealthmax.co.uk/login'.</msg>
<arg>https://stg.superadmin.wealthmax.co.uk/login</arg>
<arg>chrome</arg>
<doc>Opens a new browser instance to the optional ``url``.</doc>
<status status="PASS" start="2026-05-12T14:29:04.836673" elapsed="4.164588"/>
</kw>
<kw name="Maximize Browser Window" owner="SeleniumLibrary">
<doc>Maximizes current browser window.</doc>
<status status="PASS" start="2026-05-12T14:29:09.001577" elapsed="0.033273"/>
</kw>
<kw name="Wait Until Element Is Visible" owner="SeleniumLibrary">
<arg>${Email_css}</arg>
<arg>20s</arg>
<doc>Waits until the element ``locator`` is visible.</doc>
<status status="PASS" start="2026-05-12T14:29:09.035230" elapsed="0.533219"/>
</kw>
<kw name="Input Text Custom" owner="kw1">
<kw name="Wait Until Element Is Visible" owner="SeleniumLibrary">
<arg>${xpath1}</arg>
<arg>timeout=10s</arg>
<doc>Waits until the element ``locator`` is visible.</doc>
<status status="PASS" start="2026-05-12T14:29:09.569188" elapsed="0.023155"/>
</kw>
<kw name="Wait Until Element Is Enabled" owner="SeleniumLibrary">
<arg>${xpath1}</arg>
<arg>timeout=10s</arg>
<doc>Waits until the element ``locator`` is enabled.</doc>
<status status="PASS" start="2026-05-12T14:29:09.592617" elapsed="0.033657"/>
</kw>
<kw name="Input Text" owner="SeleniumLibrary">
<msg time="2026-05-12T14:29:09.627054" level="INFO">Typing text 'admin@wealthmax.local' into text field 'css:input[type='email']'.</msg>
<arg>${xpath1}</arg>
<arg>${xpath2}</arg>
<doc>Types the given ``text`` into the text field identified by ``locator``.</doc>
<status status="PASS" start="2026-05-12T14:29:09.626632" elapsed="0.151040"/>
</kw>
<arg>${Email_css}</arg>
<arg>${Email_Id}</arg>
<status status="PASS" start="2026-05-12T14:29:09.568779" elapsed="0.209458"/>
</kw>
<kw name="Input Text Custom" owner="kw1">
<kw name="Wait Until Element Is Visible" owner="SeleniumLibrary">
<arg>${xpath1}</arg>
<arg>timeout=10s</arg>
<doc>Waits until the element ``locator`` is visible.</doc>
<status status="PASS" start="2026-05-12T14:29:09.779390" elapsed="0.031713"/>
</kw>
<kw name="Wait Until Element Is Enabled" owner="SeleniumLibrary">
<arg>${xpath1}</arg>
<arg>timeout=10s</arg>
<doc>Waits until the element ``locator`` is enabled.</doc>
<status status="PASS" start="2026-05-12T14:29:09.812080" elapsed="0.030076"/>
</kw>
<kw name="Input Text" owner="SeleniumLibrary">
<msg time="2026-05-12T14:29:09.843608" level="INFO">Typing text 'Admin@12345!' into text field 'css:input[type='password']'.</msg>
<arg>${xpath1}</arg>
<arg>${xpath2}</arg>
<doc>Types the given ``text`` into the text field identified by ``locator``.</doc>
<status status="PASS" start="2026-05-12T14:29:09.842919" elapsed="0.226451"/>
</kw>
<arg>${Password_css}</arg>
<arg>${Password}</arg>
<status status="PASS" start="2026-05-12T14:29:09.778579" elapsed="0.291069"/>
</kw>
<kw name="Click Element Custom" owner="kw1">
<kw name="Wait Until Element Is Visible" owner="SeleniumLibrary">
<arg>${xpath}</arg>
<arg>timeout=15s</arg>
<doc>Waits until the element ``locator`` is visible.</doc>
<status status="PASS" start="2026-05-12T14:29:10.070352" elapsed="0.033739"/>
</kw>
<kw name="Wait Until Element Is Enabled" owner="SeleniumLibrary">
<arg>${xpath}</arg>
<arg>timeout=10s</arg>
<doc>Waits until the element ``locator`` is enabled.</doc>
<status status="PASS" start="2026-05-12T14:29:10.104813" elapsed="0.032455"/>
</kw>
<kw name="Click Element" owner="SeleniumLibrary">
<msg time="2026-05-12T14:29:10.138417" level="INFO">Clicking element 'css:app-button-reusable[type='submit']'.</msg>
<arg>${xpath}</arg>
<doc>Click the element identified by ``locator``.</doc>
<status status="PASS" start="2026-05-12T14:29:10.137770" elapsed="0.153865"/>
</kw>
<arg>${Login_Button}</arg>
<status status="PASS" start="2026-05-12T14:29:10.069915" elapsed="0.222031"/>
</kw>
<kw name="Wait Until Element Is Visible" owner="SeleniumLibrary">
<arg>${OTP_xpath}</arg>
<arg>10s</arg>
<doc>Waits until the element ``locator`` is visible.</doc>
<status status="PASS" start="2026-05-12T14:29:10.292361" elapsed="1.588483"/>
</kw>
<for flavor="IN RANGE">
<iter>
<kw name="Input Text" owner="SeleniumLibrary">
<msg time="2026-05-12T14:29:11.883869" level="INFO">Typing text '1' into text field '(//*[contains(@maxlength, '1')])[1]'.</msg>
<arg>(//*[contains(@maxlength, '1')])[${index + 1}]</arg>
<arg>${OTP}[${index}]</arg>
<doc>Types the given ``text`` into the text field identified by ``locator``.</doc>
<status status="PASS" start="2026-05-12T14:29:11.882002" elapsed="0.049183"/>
</kw>
<var name="${index}">0</var>
<status status="PASS" start="2026-05-12T14:29:11.881638" elapsed="0.049808"/>
</iter>
<iter>
<kw name="Input Text" owner="SeleniumLibrary">
<msg time="2026-05-12T14:29:11.933420" level="INFO">Typing text '2' into text field '(//*[contains(@maxlength, '1')])[2]'.</msg>
<arg>(//*[contains(@maxlength, '1')])[${index + 1}]</arg>
<arg>${OTP}[${index}]</arg>
<doc>Types the given ``text`` into the text field identified by ``locator``.</doc>
<status status="PASS" start="2026-05-12T14:29:11.931895" elapsed="0.112967"/>
</kw>
<var name="${index}">1</var>
<status status="PASS" start="2026-05-12T14:29:11.931679" elapsed="0.113689"/>
</iter>
<iter>
<kw name="Input Text" owner="SeleniumLibrary">
<msg time="2026-05-12T14:29:12.048817" level="INFO">Typing text '3' into text field '(//*[contains(@maxlength, '1')])[3]'.</msg>
<arg>(//*[contains(@maxlength, '1')])[${index + 1}]</arg>
<arg>${OTP}[${index}]</arg>
<doc>Types the given ``text`` into the text field identified by ``locator``.</doc>
<status status="PASS" start="2026-05-12T14:29:12.046389" elapsed="0.137794"/>
</kw>
<var name="${index}">2</var>
<status status="PASS" start="2026-05-12T14:29:12.045936" elapsed="0.138509"/>
</iter>
<iter>
<kw name="Input Text" owner="SeleniumLibrary">
<msg time="2026-05-12T14:29:12.186130" level="INFO">Typing text '4' into text field '(//*[contains(@maxlength, '1')])[4]'.</msg>
<arg>(//*[contains(@maxlength, '1')])[${index + 1}]</arg>
<arg>${OTP}[${index}]</arg>
<doc>Types the given ``text`` into the text field identified by ``locator``.</doc>
<status status="PASS" start="2026-05-12T14:29:12.184945" elapsed="0.117421"/>
</kw>
<var name="${index}">3</var>
<status status="PASS" start="2026-05-12T14:29:12.184697" elapsed="0.118538"/>
</iter>
<iter>
<kw name="Input Text" owner="SeleniumLibrary">
<msg time="2026-05-12T14:29:12.304925" level="INFO">Typing text '5' into text field '(//*[contains(@maxlength, '1')])[5]'.</msg>
<arg>(//*[contains(@maxlength, '1')])[${index + 1}]</arg>
<arg>${OTP}[${index}]</arg>
<doc>Types the given ``text`` into the text field identified by ``locator``.</doc>
<status status="PASS" start="2026-05-12T14:29:12.303970" elapsed="0.052993"/>
</kw>
<var name="${index}">4</var>
<status status="PASS" start="2026-05-12T14:29:12.303739" elapsed="0.053378"/>
</iter>
<iter>
<kw name="Input Text" owner="SeleniumLibrary">
<msg time="2026-05-12T14:29:12.358394" level="INFO">Typing text '6' into text field '(//*[contains(@maxlength, '1')])[6]'.</msg>
<arg>(//*[contains(@maxlength, '1')])[${index + 1}]</arg>
<arg>${OTP}[${index}]</arg>
<doc>Types the given ``text`` into the text field identified by ``locator``.</doc>
<status status="PASS" start="2026-05-12T14:29:12.357425" elapsed="0.122012"/>
</kw>
<var name="${index}">5</var>
<status status="PASS" start="2026-05-12T14:29:12.357264" elapsed="0.122324"/>
</iter>
<var>${index}</var>
<value>0</value>
<value>6</value>
<status status="PASS" start="2026-05-12T14:29:11.881144" elapsed="0.598513"/>
</for>
<kw name="Click Element Custom" owner="kw1">
<kw name="Wait Until Element Is Visible" owner="SeleniumLibrary">
<arg>${xpath}</arg>
<arg>timeout=15s</arg>
<doc>Waits until the element ``locator`` is visible.</doc>
<status status="PASS" start="2026-05-12T14:29:12.480696" elapsed="0.053640"/>
</kw>
<kw name="Wait Until Element Is Enabled" owner="SeleniumLibrary">
<arg>${xpath}</arg>
<arg>timeout=10s</arg>
<doc>Waits until the element ``locator`` is enabled.</doc>
<status status="PASS" start="2026-05-12T14:29:12.534678" elapsed="0.026392"/>
</kw>
<kw name="Click Element" owner="SeleniumLibrary">
<msg time="2026-05-12T14:29:12.562428" level="INFO">Clicking element '//*[contains(text(),'Verify')]'.</msg>
<arg>${xpath}</arg>
<doc>Click the element identified by ``locator``.</doc>
<status status="PASS" start="2026-05-12T14:29:12.561704" elapsed="0.110815"/>
</kw>
<arg>${Verify_Button}</arg>
<status status="PASS" start="2026-05-12T14:29:12.480165" elapsed="0.192640"/>
</kw>
<status status="PASS" start="2026-05-12T14:29:04.835534" elapsed="7.837446"/>
</kw>
<kw name="Invite Tenant Creation" owner="kw2">
<kw name="Click Element Custom" owner="kw1">
<kw name="Wait Until Element Is Visible" owner="SeleniumLibrary">
<arg>${xpath}</arg>
<arg>timeout=15s</arg>
<doc>Waits until the element ``locator`` is visible.</doc>
<status status="PASS" start="2026-05-12T14:29:12.675151" elapsed="1.794334"/>
</kw>
<kw name="Wait Until Element Is Enabled" owner="SeleniumLibrary">
<arg>${xpath}</arg>
<arg>timeout=10s</arg>
<doc>Waits until the element ``locator`` is enabled.</doc>
<status status="PASS" start="2026-05-12T14:29:14.469795" elapsed="0.024667"/>
</kw>
<kw name="Click Element" owner="SeleniumLibrary">
<msg time="2026-05-12T14:29:14.495339" level="INFO">Clicking element '//*[contains(text(), 'Tenant Management')]'.</msg>
<arg>${xpath}</arg>
<doc>Click the element identified by ``locator``.</doc>
<status status="PASS" start="2026-05-12T14:29:14.494916" elapsed="0.080765"/>
</kw>
<arg>${Tenant_Management}</arg>
<status status="PASS" start="2026-05-12T14:29:12.674612" elapsed="1.901344"/>
</kw>
<kw name="Click Element Custom" owner="kw1">
<kw name="Wait Until Element Is Visible" owner="SeleniumLibrary">
<arg>${xpath}</arg>
<arg>timeout=15s</arg>
<doc>Waits until the element ``locator`` is visible.</doc>
<status status="PASS" start="2026-05-12T14:29:14.576683" elapsed="0.707348"/>
</kw>
<kw name="Wait Until Element Is Enabled" owner="SeleniumLibrary">
<arg>${xpath}</arg>
<arg>timeout=10s</arg>
<doc>Waits until the element ``locator`` is enabled.</doc>
<status status="PASS" start="2026-05-12T14:29:15.284672" elapsed="0.050550"/>
</kw>
<kw name="Click Element" owner="SeleniumLibrary">
<msg time="2026-05-12T14:29:15.336542" level="INFO">Clicking element '//*[contains(text(), 'Create Tenant')]'.</msg>
<arg>${xpath}</arg>
<doc>Click the element identified by ``locator``.</doc>
<status status="PASS" start="2026-05-12T14:29:15.335866" elapsed="0.121140"/>
</kw>
<arg>${Create_Tenant}</arg>
<status status="PASS" start="2026-05-12T14:29:14.576233" elapsed="0.881280"/>
</kw>
<kw name="Click Element Custom" owner="kw1">
<kw name="Wait Until Element Is Visible" owner="SeleniumLibrary">
<arg>${xpath}</arg>
<arg>timeout=15s</arg>
<doc>Waits until the element ``locator`` is visible.</doc>
<status status="PASS" start="2026-05-12T14:29:15.458891" elapsed="0.044782"/>
</kw>
<kw name="Wait Until Element Is Enabled" owner="SeleniumLibrary">
<arg>${xpath}</arg>
<arg>timeout=10s</arg>
<doc>Waits until the element ``locator`` is enabled.</doc>
<status status="PASS" start="2026-05-12T14:29:15.504637" elapsed="0.064673"/>
</kw>
<kw name="Click Element" owner="SeleniumLibrary">
<msg time="2026-05-12T14:29:15.570753" level="INFO">Clicking element '//*[contains(text(), 'Ideal for self-service onboarding and free trial accounts')]'.</msg>
<arg>${xpath}</arg>
<doc>Click the element identified by ``locator``.</doc>
<status status="PASS" start="2026-05-12T14:29:15.570021" elapsed="0.152940"/>
</kw>
<arg>//*[contains(text(), 'Ideal for self-service onboarding and free trial accounts')]</arg>
<status status="PASS" start="2026-05-12T14:29:15.458071" elapsed="0.265104"/>
</kw>
<kw name="Click Element Custom" owner="kw1">
<kw name="Wait Until Element Is Visible" owner="SeleniumLibrary">
<arg>${xpath}</arg>
<arg>timeout=15s</arg>
<doc>Waits until the element ``locator`` is visible.</doc>
<status status="PASS" start="2026-05-12T14:29:15.723699" elapsed="0.046974"/>
</kw>
<kw name="Wait Until Element Is Enabled" owner="SeleniumLibrary">
<arg>${xpath}</arg>
<arg>timeout=10s</arg>
<doc>Waits until the element ``locator`` is enabled.</doc>
<status status="PASS" start="2026-05-12T14:29:15.771389" elapsed="0.068037"/>
</kw>
<kw name="Click Element" owner="SeleniumLibrary">
<msg time="2026-05-12T14:29:15.840618" level="INFO">Clicking element '//*[contains(text(), ' Continue with Invite')]'.</msg>
<arg>${xpath}</arg>
<doc>Click the element identified by ``locator``.</doc>
<status status="PASS" start="2026-05-12T14:29:15.840004" elapsed="0.247507"/>
</kw>
<arg>//*[contains(text(), ' Continue with Invite')]</arg>
<status status="PASS" start="2026-05-12T14:29:15.723372" elapsed="0.364317"/>
</kw>
<status status="PASS" start="2026-05-12T14:29:12.674043" elapsed="3.413719"/>
</kw>
<kw name="Create Invite Tenant Licenced 1" owner="kw2">
<kw name="Generate Unique Tenants Data" owner="kw2">
<kw name="Evaluate" owner="BuiltIn">
<msg time="2026-05-12T14:29:16.091253" level="INFO">${timestamp1} = 8576356091</msg>
<var>${timestamp1}</var>
<arg>str(int(__import__('time').time() * 1000))[-10:]</arg>
<doc>Evaluates the given expression in Python and returns the result.</doc>
<status status="PASS" start="2026-05-12T14:29:16.090837" elapsed="0.001007"/>
</kw>
<kw name="Evaluate" owner="BuiltIn">
<msg time="2026-05-12T14:29:16.092456" level="INFO">${company_name2} = Prajwal8576356091</msg>
<var>${company_name2}</var>
<arg>'Prajwal' + '${timestamp1}'</arg>
<doc>Evaluates the given expression in Python and returns the result.</doc>
<status status="PASS" start="2026-05-12T14:29:16.092051" elapsed="0.000628"/>
</kw>
<kw name="Evaluate" owner="BuiltIn">
<msg time="2026-05-12T14:29:16.093845" level="INFO">${First_name2} = Prajwal Pal</msg>
<var>${First_name2}</var>
<arg>'Prajwal Pal'</arg>
<doc>Evaluates the given expression in Python and returns the result.</doc>
<status status="PASS" start="2026-05-12T14:29:16.093469" elapsed="0.000577"/>
</kw>
<kw name="Evaluate" owner="BuiltIn">
<msg time="2026-05-12T14:29:16.104059" level="INFO">${Last_name2} = Singh</msg>
<var>${Last_name2}</var>
<arg>'Singh'</arg>
<doc>Evaluates the given expression in Python and returns the result.</doc>
<status status="PASS" start="2026-05-12T14:29:16.094228" elapsed="0.010202"/>
</kw>
<kw name="Evaluate" owner="BuiltIn">
<msg time="2026-05-12T14:29:16.105669" level="INFO">${Company_Mobile_Number} = 8576356091</msg>
<var>${Company_Mobile_Number}</var>
<arg>'${timestamp1}'</arg>
<doc>Evaluates the given expression in Python and returns the result.</doc>
<status status="PASS" start="2026-05-12T14:29:16.104855" elapsed="0.000975"/>
</kw>
<kw name="Evaluate" owner="BuiltIn">
<msg time="2026-05-12T14:29:16.106302" level="INFO">${company_email2} = Prajwal.s+8576356091@welthmax.co.uk</msg>
<var>${company_email2}</var>
<arg>'Prajwal.s+' + '${timestamp1}' + '@welthmax.co.uk'</arg>
<doc>Evaluates the given expression in Python and returns the result.</doc>
<status status="PASS" start="2026-05-12T14:29:16.106023" elapsed="0.000387"/>
</kw>
<return>
<value>${company_name2}</value>
<value>${First_name2}</value>
<value>${Last_name2}</value>
<value>${Company_Mobile_Number}</value>
<value>${company_email2}</value>
<status status="PASS" start="2026-05-12T14:29:16.106530" elapsed="0.000145"/>
</return>
<msg time="2026-05-12T14:29:16.107008" level="INFO">${company_name2} = Prajwal8576356091</msg>
<msg time="2026-05-12T14:29:16.107127" level="INFO">${First_name2} = Prajwal Pal</msg>
<msg time="2026-05-12T14:29:16.107232" level="INFO">${Last_name2} = Singh</msg>
<msg time="2026-05-12T14:29:16.111753" level="INFO">${User_phonenumber} = 8576356091</msg>
<msg time="2026-05-12T14:29:16.112626" level="INFO">${company_email2} = Prajwal.s+8576356091@welthmax.co.uk</msg>
<var>${company_name2}</var>
<var>${First_name2}</var>
<var>${Last_name2}</var>
<var>${User_phonenumber}</var>
<var>${company_email2}</var>
<doc>Generates unique values for tenant creation using timestamp</doc>
<status status="PASS" start="2026-05-12T14:29:16.090414" elapsed="0.022848"/>
</kw>
<kw name="Fill Field By Placeholders" owner="kw2">
<kw name="Scroll Down" owner="kw1">
<kw name="Execute Javascript" owner="SeleniumLibrary">
<msg time="2026-05-12T14:29:16.117847" level="INFO">Executing JavaScript:
window.scrollBy(0, 300)
Without any arguments.</msg>
<arg>window.scrollBy(${xaxis}, ${yaxis})</arg>
<doc>Executes the given JavaScript code with possible arguments.</doc>
<status status="PASS" start="2026-05-12T14:29:16.115788" elapsed="0.025135"/>
</kw>
<arg>0</arg>
<arg>300</arg>
<status status="PASS" start="2026-05-12T14:29:16.114892" elapsed="0.026426"/>
</kw>
<kw name="Catenate" owner="BuiltIn">
<msg time="2026-05-12T14:29:16.142320" level="INFO">${locator} = (//*[contains(@placeholder,'e.g. Wealthmax Financial Advisers')])[2]</msg>
<var>${locator}</var>
<arg>(//*[contains(@placeholder,'${placeholders}')])[${index}]</arg>
<doc>Catenates the given items together and returns the resulted string.</doc>
<status status="PASS" start="2026-05-12T14:29:16.141715" elapsed="0.000890"/>
</kw>
<kw name="Wait Until Element Is Visible" owner="SeleniumLibrary">
<arg>xpath=${locator}</arg>
<arg>timeout=15s</arg>
<doc>Waits until the element ``locator`` is visible.</doc>
<status status="PASS" start="2026-05-12T14:29:16.142952" elapsed="0.067467"/>
</kw>
<kw name="Click Element" owner="SeleniumLibrary">
<msg time="2026-05-12T14:29:16.211148" level="INFO">Clicking element 'xpath=(//*[contains(@placeholder,'e.g. Wealthmax Financial Advisers')])[2]'.</msg>
<arg>xpath=${locator}</arg>
<doc>Click the element identified by ``locator``.</doc>
<status status="PASS" start="2026-05-12T14:29:16.210755" elapsed="0.100813"/>
</kw>
<kw name="Clear Element Text" owner="SeleniumLibrary">
<arg>xpath=${locator}</arg>
<doc>Clears the value of the text-input-element identified by ``locator``.</doc>
<status status="PASS" start="2026-05-12T14:29:16.312152" elapsed="0.058693"/>
</kw>
<kw name="Input Text" owner="SeleniumLibrary">
<msg time="2026-05-12T14:29:16.372093" level="INFO">Typing text 'Prajwal8576356091' into text field 'xpath=(//*[contains(@placeholder,'e.g. Wealthmax Financial Advisers')])[2]'.</msg>
<arg>xpath=${locator}</arg>
<arg>${value}</arg>
<doc>Types the given ``text`` into the text field identified by ``locator``.</doc>
<status status="PASS" start="2026-05-12T14:29:16.371647" elapsed="0.135793"/>
</kw>
<kw name="Sleep" owner="BuiltIn">
<msg time="2026-05-12T14:29:17.509016" level="INFO">Slept 1 second.</msg>
<arg>1s</arg>
<doc>Pauses the test executed for the given time.</doc>
<status status="PASS" start="2026-05-12T14:29:16.507853" elapsed="1.001959"/>
</kw>
<arg>e.g. Wealthmax Financial Advisers</arg>
<arg>${company_name2}</arg>
<arg>2</arg>
<doc>Fills input field by placeholder text using native SeleniumLibrary</doc>
<status status="PASS" start="2026-05-12T14:29:16.114032" elapsed="1.396174"/>
</kw>
<kw name="Fill Field By Placeholders" owner="kw2">
<kw name="Scroll Down" owner="kw1">
<kw name="Execute Javascript" owner="SeleniumLibrary">
<msg time="2026-05-12T14:29:17.515776" level="INFO">Executing JavaScript:
window.scrollBy(0, 300)
Without any arguments.</msg>
<arg>window.scrollBy(${xaxis}, ${yaxis})</arg>
<doc>Executes the given JavaScript code with possible arguments.</doc>
<status status="PASS" start="2026-05-12T14:29:17.514371" elapsed="0.026374"/>
</kw>
<arg>0</arg>
<arg>300</arg>
<status status="PASS" start="2026-05-12T14:29:17.513618" elapsed="0.027702"/>
</kw>
<kw name="Catenate" owner="BuiltIn">
<msg time="2026-05-12T14:29:17.542617" level="INFO">${locator} = (//*[contains(@placeholder,'e.g. Steve')])[2]</msg>
<var>${locator}</var>
<arg>(//*[contains(@placeholder,'${placeholders}')])[${index}]</arg>
<doc>Catenates the given items together and returns the resulted string.</doc>
<status status="PASS" start="2026-05-12T14:29:17.541836" elapsed="0.001087"/>
</kw>
<kw name="Wait Until Element Is Visible" owner="SeleniumLibrary">
<arg>xpath=${locator}</arg>
<arg>timeout=15s</arg>
<doc>Waits until the element ``locator`` is visible.</doc>
<status status="PASS" start="2026-05-12T14:29:17.543347" elapsed="0.067594"/>
</kw>
<kw name="Click Element" owner="SeleniumLibrary">
<msg time="2026-05-12T14:29:17.612689" level="INFO">Clicking element 'xpath=(//*[contains(@placeholder,'e.g. Steve')])[2]'.</msg>
<arg>xpath=${locator}</arg>
<doc>Click the element identified by ``locator``.</doc>
<status status="PASS" start="2026-05-12T14:29:17.611972" elapsed="0.102915"/>
</kw>
<kw name="Clear Element Text" owner="SeleniumLibrary">
<arg>xpath=${locator}</arg>
<doc>Clears the value of the text-input-element identified by ``locator``.</doc>
<status status="PASS" start="2026-05-12T14:29:17.716084" elapsed="0.073255"/>
</kw>
<kw name="Input Text" owner="SeleniumLibrary">
<msg time="2026-05-12T14:29:17.790670" level="INFO">Typing text 'Prajwal Pal' into text field 'xpath=(//*[contains(@placeholder,'e.g. Steve')])[2]'.</msg>
<arg>xpath=${locator}</arg>
<arg>${value}</arg>
<doc>Types the given ``text`` into the text field identified by ``locator``.</doc>
<status status="PASS" start="2026-05-12T14:29:17.789924" elapsed="0.248702"/>
</kw>
<kw name="Sleep" owner="BuiltIn">
<msg time="2026-05-12T14:29:19.039557" level="INFO">Slept 1 second.</msg>
<arg>1s</arg>
<doc>Pauses the test executed for the given time.</doc>
<status status="PASS" start="2026-05-12T14:29:18.038967" elapsed="1.000832"/>
</kw>
<arg>e.g. Steve</arg>
<arg>${First_name2}</arg>
<arg>2</arg>
<doc>Fills input field by placeholder text using native SeleniumLibrary</doc>
<status status="PASS" start="2026-05-12T14:29:17.512231" elapsed="1.527696"/>
</kw>
<kw name="Fill Field By Placeholders" owner="kw2">
<kw name="Scroll Down" owner="kw1">
<kw name="Execute Javascript" owner="SeleniumLibrary">
<msg time="2026-05-12T14:29:19.041158" level="INFO">Executing JavaScript:
window.scrollBy(0, 300)
Without any arguments.</msg>
<arg>window.scrollBy(${xaxis}, ${yaxis})</arg>
<doc>Executes the given JavaScript code with possible arguments.</doc>
<status status="PASS" start="2026-05-12T14:29:19.040841" elapsed="0.018100"/>
</kw>
<arg>0</arg>
<arg>300</arg>
<status status="PASS" start="2026-05-12T14:29:19.040594" elapsed="0.018586"/>
</kw>
<kw name="Catenate" owner="BuiltIn">
<msg time="2026-05-12T14:29:19.059843" level="INFO">${locator} = (//*[contains(@placeholder,'e.g. Smith')])[2]</msg>
<var>${locator}</var>
<arg>(//*[contains(@placeholder,'${placeholders}')])[${index}]</arg>
<doc>Catenates the given items together and returns the resulted string.</doc>
<status status="PASS" start="2026-05-12T14:29:19.059400" elapsed="0.000996"/>
</kw>
<kw name="Wait Until Element Is Visible" owner="SeleniumLibrary">
<arg>xpath=${locator}</arg>
<arg>timeout=15s</arg>
<doc>Waits until the element ``locator`` is visible.</doc>
<status status="PASS" start="2026-05-12T14:29:19.060710" elapsed="0.047938"/>
</kw>
<kw name="Click Element" owner="SeleniumLibrary">
<msg time="2026-05-12T14:29:19.109276" level="INFO">Clicking element 'xpath=(//*[contains(@placeholder,'e.g. Smith')])[2]'.</msg>
<arg>xpath=${locator}</arg>
<doc>Click the element identified by ``locator``.</doc>
<status status="PASS" start="2026-05-12T14:29:19.108961" elapsed="0.095953"/>
</kw>
<kw name="Clear Element Text" owner="SeleniumLibrary">
<arg>xpath=${locator}</arg>
<doc>Clears the value of the text-input-element identified by ``locator``.</doc>
<status status="PASS" start="2026-05-12T14:29:19.205390" elapsed="0.031761"/>
</kw>
<kw name="Input Text" owner="SeleniumLibrary">
<msg time="2026-05-12T14:29:19.238184" level="INFO">Typing text 'Singh' into text field 'xpath=(//*[contains(@placeholder,'e.g. Smith')])[2]'.</msg>
<arg>xpath=${locator}</arg>
<arg>${value}</arg>
<doc>Types the given ``text`` into the text field identified by ``locator``.</doc>
<status status="PASS" start="2026-05-12T14:29:19.237550" elapsed="0.068079"/>
</kw>
<kw name="Sleep" owner="BuiltIn">
<msg time="2026-05-12T14:29:20.306934" level="INFO">Slept 1 second.</msg>
<arg>1s</arg>
<doc>Pauses the test executed for the given time.</doc>
<status status="PASS" start="2026-05-12T14:29:19.306143" elapsed="1.001451"/>
</kw>
<arg>e.g. Smith</arg>
<arg>${Last_name2}</arg>
<arg>2</arg>
<doc>Fills input field by placeholder text using native SeleniumLibrary</doc>
<status status="PASS" start="2026-05-12T14:29:19.040134" elapsed="1.267813"/>
</kw>
<kw name="Fill Field By Placeholder" owner="kw2">
<kw name="Scroll Down" owner="kw1">
<kw name="Execute Javascript" owner="SeleniumLibrary">
<msg time="2026-05-12T14:29:20.311197" level="INFO">Executing JavaScript:
window.scrollBy(0, 300)
Without any arguments.</msg>
<arg>window.scrollBy(${xaxis}, ${yaxis})</arg>
<doc>Executes the given JavaScript code with possible arguments.</doc>
<status status="PASS" start="2026-05-12T14:29:20.310297" elapsed="0.019608"/>
</kw>
<arg>0</arg>
<arg>300</arg>
<status status="PASS" start="2026-05-12T14:29:20.309392" elapsed="0.021161"/>
</kw>
<kw name="Catenate" owner="BuiltIn">
<msg time="2026-05-12T14:29:20.332598" level="INFO">${locator} = (//*[contains(@placeholder,'00 0000 0000')])[2]</msg>
<var>${locator}</var>
<arg>(//*[contains(@placeholder,'${placeholder}')])[${index}]</arg>
<doc>Catenates the given items together and returns the resulted string.</doc>
<status status="PASS" start="2026-05-12T14:29:20.331295" elapsed="0.001805"/>
</kw>
<kw name="Wait Until Element Is Visible" owner="SeleniumLibrary">
<msg time="2026-05-12T14:29:35.471726" level="INFO" html="true">&lt;/td&gt;&lt;/tr&gt;&lt;tr&gt;&lt;td colspan="3"&gt;&lt;a href="selenium-screenshot-7.png"&gt;&lt;img src="selenium-screenshot-7.png" width="800px"&gt;&lt;/a&gt;</msg>
<msg time="2026-05-12T14:29:35.472407" level="FAIL">Element 'xpath=(//*[contains(@placeholder,'00 0000 0000')])[2]' not visible after 15 seconds.</msg>
<arg>xpath=${locator}</arg>
<arg>timeout=15s</arg>
<doc>Waits until the element ``locator`` is visible.</doc>
<status status="FAIL" start="2026-05-12T14:29:20.333669" elapsed="15.250346">Element 'xpath=(//*[contains(@placeholder,'00 0000 0000')])[2]' not visible after 15 seconds.</status>
</kw>
<kw name="Click Element" owner="SeleniumLibrary">
<arg>xpath=${locator}</arg>
<doc>Click the element identified by ``locator``.</doc>
<status status="NOT RUN" start="2026-05-12T14:29:35.584705" elapsed="0.000264"/>
</kw>
<kw name="Clear Element Text" owner="SeleniumLibrary">
<arg>xpath=${locator}</arg>
<doc>Clears the value of the text-input-element identified by ``locator``.</doc>
<status status="NOT RUN" start="2026-05-12T14:29:35.585311" elapsed="0.000145"/>
</kw>
<kw name="Input Text" owner="SeleniumLibrary">
<arg>xpath=${locator}</arg>
<arg>${value}</arg>
<doc>Types the given ``text`` into the text field identified by ``locator``.</doc>
<status status="NOT RUN" start="2026-05-12T14:29:35.585682" elapsed="0.000124"/>
</kw>
<kw name="Sleep" owner="BuiltIn">
<arg>1s</arg>
<doc>Pauses the test executed for the given time.</doc>
<status status="NOT RUN" start="2026-05-12T14:29:35.586024" elapsed="0.000118"/>
</kw>
<arg>00 0000 0000</arg>
<arg>${User_phonenumber}</arg>
<arg>2</arg>
<doc>Fills input field by placeholder text using native SeleniumLibrary</doc>
<status status="FAIL" start="2026-05-12T14:29:20.308463" elapsed="15.277995">Element 'xpath=(//*[contains(@placeholder,'00 0000 0000')])[2]' not visible after 15 seconds.</status>
</kw>
<kw name="Fill Field By Placeholders" owner="kw2">
<arg>e.g. abc.def@gmail.com</arg>
<arg>${company_email2}</arg>
<arg>2</arg>
<doc>Fills input field by placeholder text using native SeleniumLibrary</doc>
<status status="NOT RUN" start="2026-05-12T14:29:35.586856" elapsed="0.000161"/>
</kw>
<kw name="Click Element Custom" owner="kw1">
<arg>${Licensed}</arg>
<status status="NOT RUN" start="2026-05-12T14:29:35.587277" elapsed="0.000130"/>
</kw>
<kw name="Input Text Custom" owner="kw1">
<arg>${User_Credits1}</arg>
<arg>5</arg>
<status status="NOT RUN" start="2026-05-12T14:29:35.587644" elapsed="0.000151"/>
</kw>
<kw name="Input Text Custom" owner="kw1">
<arg>${Subscription_Duration}</arg>
<arg>11</arg>
<status status="NOT RUN" start="2026-05-12T14:29:35.588051" elapsed="0.000135"/>
</kw>
<kw name="Click Element Custom" owner="kw1">
<arg>${Send_Invitation}</arg>
<status status="NOT RUN" start="2026-05-12T14:29:35.588443" elapsed="0.000130"/>
</kw>
<status status="FAIL" start="2026-05-12T14:29:16.089768" elapsed="19.499011">Element 'xpath=(//*[contains(@placeholder,'00 0000 0000')])[2]' not visible after 15 seconds.</status>
</kw>
<kw name="Sleep" owner="BuiltIn">
<arg>3s</arg>
<doc>Pauses the test executed for the given time.</doc>
<status status="NOT RUN" start="2026-05-12T14:29:35.596126" elapsed="0.000404"/>
</kw>
<kw name="Invite Tenant Creation" owner="kw2">
<status status="NOT RUN" start="2026-05-12T14:29:35.598860" elapsed="0.000420"/>
</kw>
<kw name="Create Invite Tenant Licenced 2" owner="kw2">
<status status="NOT RUN" start="2026-05-12T14:29:35.603127" elapsed="0.000352"/>
</kw>
<kw name="Sleep" owner="BuiltIn">
<arg>3s</arg>
<doc>Pauses the test executed for the given time.</doc>
<status status="NOT RUN" start="2026-05-12T14:29:35.605141" elapsed="0.000235"/>
</kw>
<kw name="log out" owner="kw1">
<status status="NOT RUN" start="2026-05-12T14:29:35.606937" elapsed="0.000496"/>
</kw>
<status status="FAIL" start="2026-05-12T14:29:04.830946" elapsed="30.778411">Element 'xpath=(//*[contains(@placeholder,'00 0000 0000')])[2]' not visible after 15 seconds.</status>
</test>
<status status="FAIL" start="2026-05-12T14:29:04.592991" elapsed="31.020341"/>
</suite>
<statistics>
<total>
<stat pass="0" fail="1" skip="0">All Tests</stat>
</total>
<tag>
</tag>
<suite>
<stat name="Tenant-Management" id="s1" pass="0" fail="1" skip="0">Tenant-Management</stat>
</suite>
</statistics>
<errors>
<msg time="2026-05-12T14:29:04.630354" level="WARN">Error in file 'c:\stageCRM_PM\keywords\kw1.robot' on line 165: The '[Return]' setting is deprecated. Use the 'RETURN' statement instead.</msg>
<msg time="2026-05-12T14:29:04.631301" level="WARN">Error in file 'c:\stageCRM_PM\keywords\kw1.robot' on line 172: The '[Return]' setting is deprecated. Use the 'RETURN' statement instead.</msg>
<msg time="2026-05-12T14:29:04.822627" level="WARN">Error in file 'c:\stageCRM_PM\keywords\kw2.robot' on line 63: The '[Return]' setting is deprecated. Use the 'RETURN' statement instead.</msg>
<msg time="2026-05-12T14:29:04.823990" level="WARN">Error in file 'c:\stageCRM_PM\keywords\kw2.robot' on line 184: The '[Return]' setting is deprecated. Use the 'RETURN' statement instead.</msg>
</errors>
</robot>
